d:\user\desktop\work\data structure\musicapplicationbyqt\musicapplicationbyqt\x64\release\main.obj
d:\user\desktop\work\data structure\musicapplicationbyqt\musicapplicationbyqt\x64\release\application.obj
d:\user\desktop\work\data structure\musicapplicationbyqt\musicapplicationbyqt\x64\release\moc_qtinputwindow.obj
d:\user\desktop\work\data structure\musicapplicationbyqt\musicapplicationbyqt\x64\release\itemtype.obj
d:\user\desktop\work\data structure\musicapplicationbyqt\musicapplicationbyqt\x64\release\qrc_musicapplicationbyqt.obj
d:\user\desktop\work\data structure\musicapplicationbyqt\musicapplicationbyqt\x64\release\moc_musicapplicationbyqt.obj
d:\user\desktop\work\data structure\musicapplicationbyqt\musicapplicationbyqt\x64\release\musicapplicationbyqt.obj
d:\user\desktop\work\data structure\musicapplicationbyqt\musicapplicationbyqt\x64\release\qtinputwindow.obj
d:\user\desktop\work\data structure\musicapplicationbyqt\musicapplicationbyqt\x64\release\playertype.obj
d:\user\desktop\work\data structure\musicapplicationbyqt\musicapplicationbyqt\x64\release\qtwindow_playlist.obj
d:\user\desktop\work\data structure\musicapplicationbyqt\musicapplicationbyqt\x64\release\qtwindowselectplaylist.obj
d:\user\desktop\work\data structure\musicapplicationbyqt\musicapplicationbyqt\x64\release\moc_qtwindowselectplaylist.obj
d:\user\desktop\work\data structure\musicapplicationbyqt\musicapplicationbyqt\x64\release\playitem.obj
d:\user\desktop\work\data structure\musicapplicationbyqt\musicapplicationbyqt\x64\release\singertype.obj
d:\user\desktop\work\data structure\musicapplicationbyqt\musicapplicationbyqt\x64\release\moc_qtwindow_playlist.obj
d:\user\desktop\work\data structure\musicapplicationbyqt\x64\release\musicapplicationbyqt.exe
d:\user\desktop\work\data structure\musicapplicationbyqt\musicapplicationbyqt\x64\release\\moc\moc_musicapplicationbyqt.cpp
d:\user\desktop\work\data structure\musicapplicationbyqt\musicapplicationbyqt\x64\release\\moc\moc_qtinputwindow.cpp
d:\user\desktop\work\data structure\musicapplicationbyqt\musicapplicationbyqt\x64\release\\moc\moc_qtwindow_playlist.cpp
d:\user\desktop\work\data structure\musicapplicationbyqt\musicapplicationbyqt\x64\release\\moc\moc_qtwindowselectplaylist.cpp
d:\user\desktop\work\data structure\musicapplicationbyqt\musicapplicationbyqt\x64\release\uic\ui_musicapplicationbyqt.h
d:\user\desktop\work\data structure\musicapplicationbyqt\musicapplicationbyqt\x64\release\uic\ui_qtinputwindow.h
d:\user\desktop\work\data structure\musicapplicationbyqt\musicapplicationbyqt\x64\release\uic\ui_qtwindowselectplaylist.h
d:\user\desktop\work\data structure\musicapplicationbyqt\musicapplicationbyqt\x64\release\uic\ui_qtwindow_playlist.h
d:\user\desktop\work\data structure\musicapplicationbyqt\musicapplicationbyqt\x64\release\rcc\qrc_musicapplicationbyqt.cpp
d:\user\desktop\work\data structure\musicapplicationbyqt\musicapplicationbyqt\x64\release\moc\moc_musicapplicationbyqt.cpp
d:\user\desktop\work\data structure\musicapplicationbyqt\musicapplicationbyqt\x64\release\moc\moc_qtinputwindow.cpp
d:\user\desktop\work\data structure\musicapplicationbyqt\musicapplicationbyqt\x64\release\moc\moc_qtwindow_playlist.cpp
d:\user\desktop\work\data structure\musicapplicationbyqt\musicapplicationbyqt\x64\release\moc\moc_qtwindowselectplaylist.cpp
d:\user\desktop\work\data structure\musicapplicationbyqt\musicapplicationbyqt\x64\release\\rcc\qrc_musicapplicationbyqt.cpp
d:\user\desktop\work\data structure\musicapplicationbyqt\musicapplicationbyqt\x64\release\\uic\ui_musicapplicationbyqt.h
d:\user\desktop\work\data structure\musicapplicationbyqt\musicapplicationbyqt\x64\release\\uic\ui_qtinputwindow.h
d:\user\desktop\work\data structure\musicapplicationbyqt\musicapplicationbyqt\x64\release\\uic\ui_qtwindowselectplaylist.h
d:\user\desktop\work\data structure\musicapplicationbyqt\musicapplicationbyqt\x64\release\\uic\ui_qtwindow_playlist.h
d:\user\desktop\work\data structure\musicapplicationbyqt\musicapplicationbyqt\x64\release\musicapp.b12702ad.tlog\cl.10264.write.1.tlog
d:\user\desktop\work\data structure\musicapplicationbyqt\musicapplicationbyqt\x64\release\musicapp.b12702ad.tlog\cl.command.1.tlog
d:\user\desktop\work\data structure\musicapplicationbyqt\musicapplicationbyqt\x64\release\musicapp.b12702ad.tlog\cl.read.1.tlog
d:\user\desktop\work\data structure\musicapplicationbyqt\musicapplicationbyqt\x64\release\musicapp.b12702ad.tlog\link.command.1.tlog
d:\user\desktop\work\data structure\musicapplicationbyqt\musicapplicationbyqt\x64\release\musicapp.b12702ad.tlog\link.read.1.tlog
d:\user\desktop\work\data structure\musicapplicationbyqt\musicapplicationbyqt\x64\release\musicapp.b12702ad.tlog\link.write.1.tlog
d:\user\desktop\work\data structure\musicapplicationbyqt\musicapplicationbyqt\x64\release\musicapp.b12702ad.tlog\moc.read.1u.tlog
d:\user\desktop\work\data structure\musicapplicationbyqt\musicapplicationbyqt\x64\release\musicapp.b12702ad.tlog\moc.write.1u.tlog
d:\user\desktop\work\data structure\musicapplicationbyqt\musicapplicationbyqt\x64\release\musicapp.b12702ad.tlog\musicapplicationbyqt.write.1u.tlog
d:\user\desktop\work\data structure\musicapplicationbyqt\musicapplicationbyqt\x64\release\musicapp.b12702ad.tlog\rcc.read.1u.tlog
d:\user\desktop\work\data structure\musicapplicationbyqt\musicapplicationbyqt\x64\release\musicapp.b12702ad.tlog\rcc.write.1u.tlog
d:\user\desktop\work\data structure\musicapplicationbyqt\musicapplicationbyqt\x64\release\musicapp.b12702ad.tlog\uic.read.1u.tlog
d:\user\desktop\work\data structure\musicapplicationbyqt\musicapplicationbyqt\x64\release\musicapp.b12702ad.tlog\uic.write.1u.tlog
