d:\user\desktop\work\data structure\musicapplicationbyqt\musicapplicationbyqt\x64\debug\singertype.obj
d:\user\desktop\work\data structure\musicapplicationbyqt\musicapplicationbyqt\x64\debug\application.obj
d:\user\desktop\work\data structure\musicapplicationbyqt\musicapplicationbyqt\x64\debug\itemtype.obj
d:\user\desktop\work\data structure\musicapplicationbyqt\musicapplicationbyqt\x64\debug\playertype.obj
d:\user\desktop\work\data structure\musicapplicationbyqt\musicapplicationbyqt\x64\debug\playitem.obj
d:\user\desktop\work\data structure\musicapplicationbyqt\musicapplicationbyqt\x64\debug\main.obj
d:\user\desktop\work\data structure\musicapplicationbyqt\musicapplicationbyqt\x64\debug\musicapplicationbyqt.obj
d:\user\desktop\work\data structure\musicapplicationbyqt\musicapplicationbyqt\x64\debug\moc_musicapplicationbyqt.obj
d:\user\desktop\work\data structure\musicapplicationbyqt\musicapplicationbyqt\x64\debug\qrc_musicapplicationbyqt.obj
d:\user\desktop\work\data structure\musicapplicationbyqt\musicapplicationbyqt\x64\debug\vc142.pdb
d:\user\desktop\work\data structure\musicapplicationbyqt\musicapplicationbyqt\x64\debug\qtinputwindow.obj
d:\user\desktop\work\data structure\musicapplicationbyqt\musicapplicationbyqt\x64\debug\moc_qtinputwindow.obj
d:\user\desktop\work\data structure\musicapplicationbyqt\musicapplicationbyqt\x64\debug\moc_qtwindow_playlist.obj
d:\user\desktop\work\data structure\musicapplicationbyqt\musicapplicationbyqt\x64\debug\qtwindow_playlist.obj
d:\user\desktop\work\data structure\musicapplicationbyqt\musicapplicationbyqt\x64\debug\moc_qtwindowselectplaylist.obj
d:\user\desktop\work\data structure\musicapplicationbyqt\musicapplicationbyqt\x64\debug\qtwindowselectplaylist.obj
d:\user\desktop\work\data structure\musicapplicationbyqt\musicapplicationbyqt\x64\debug\ranklist.obj
d:\user\desktop\work\data structure\musicapplicationbyqt\x64\debug\musicapplicationbyqt.exe
d:\user\desktop\work\data structure\musicapplicationbyqt\x64\debug\musicapplicationbyqt.ilk
d:\user\desktop\work\data structure\musicapplicationbyqt\x64\debug\musicapplicationbyqt.pdb
d:\user\desktop\work\data structure\musicapplicationbyqt\musicapplicationbyqt\x64\debug\\moc\moc_qtinputwindow.cpp
d:\user\desktop\work\data structure\musicapplicationbyqt\musicapplicationbyqt\x64\debug\\moc\moc_qtwindow_playlist.cpp
d:\user\desktop\work\data structure\musicapplicationbyqt\musicapplicationbyqt\x64\debug\\moc\moc_qtwindowselectplaylist.cpp
d:\user\desktop\work\data structure\musicapplicationbyqt\musicapplicationbyqt\x64\debug\\moc\moc_musicapplicationbyqt.cpp
d:\user\desktop\work\data structure\musicapplicationbyqt\musicapplicationbyqt\x64\debug\uic\ui_musicapplicationbyqt.h
d:\user\desktop\work\data structure\musicapplicationbyqt\musicapplicationbyqt\x64\debug\rcc\qrc_musicapplicationbyqt.cpp
d:\user\desktop\work\data structure\musicapplicationbyqt\musicapplicationbyqt\x64\debug\moc\moc_musicapplicationbyqt.cpp
d:\user\desktop\work\data structure\musicapplicationbyqt\musicapplicationbyqt\x64\debug\uic\ui_qtinputwindow.h
d:\user\desktop\work\data structure\musicapplicationbyqt\musicapplicationbyqt\x64\debug\moc\moc_qtinputwindow.cpp
d:\user\desktop\work\data structure\musicapplicationbyqt\musicapplicationbyqt\x64\debug\uic\ui_qtwindow_playlist.h
d:\user\desktop\work\data structure\musicapplicationbyqt\musicapplicationbyqt\x64\debug\moc\moc_qtwindow_playlist.cpp
d:\user\desktop\work\data structure\musicapplicationbyqt\musicapplicationbyqt\x64\debug\uic\ui_qtwindowselectplaylist.h
d:\user\desktop\work\data structure\musicapplicationbyqt\musicapplicationbyqt\x64\debug\moc\moc_qtwindowselectplaylist.cpp
d:\user\desktop\work\data structure\musicapplicationbyqt\musicapplicationbyqt\x64\debug\\rcc\qrc_musicapplicationbyqt.cpp
d:\user\desktop\work\data structure\musicapplicationbyqt\musicapplicationbyqt\x64\debug\\uic\ui_musicapplicationbyqt.h
d:\user\desktop\work\data structure\musicapplicationbyqt\musicapplicationbyqt\x64\debug\\uic\ui_qtinputwindow.h
d:\user\desktop\work\data structure\musicapplicationbyqt\musicapplicationbyqt\x64\debug\\uic\ui_qtwindowselectplaylist.h
d:\user\desktop\work\data structure\musicapplicationbyqt\musicapplicationbyqt\x64\debug\\uic\ui_qtwindow_playlist.h
d:\user\desktop\work\data structure\musicapplicationbyqt\musicapplicationbyqt\x64\debug\musicapp.b12702ad.tlog\cl.command.1.tlog
d:\user\desktop\work\data structure\musicapplicationbyqt\musicapplicationbyqt\x64\debug\musicapp.b12702ad.tlog\cl.read.1.tlog
d:\user\desktop\work\data structure\musicapplicationbyqt\musicapplicationbyqt\x64\debug\musicapp.b12702ad.tlog\cl.write.1.tlog
d:\user\desktop\work\data structure\musicapplicationbyqt\musicapplicationbyqt\x64\debug\musicapp.b12702ad.tlog\link.1036.delete.1.tlog
d:\user\desktop\work\data structure\musicapplicationbyqt\musicapplicationbyqt\x64\debug\musicapp.b12702ad.tlog\link.10608.delete.1.tlog
d:\user\desktop\work\data structure\musicapplicationbyqt\musicapplicationbyqt\x64\debug\musicapp.b12702ad.tlog\link.11336.delete.1.tlog
d:\user\desktop\work\data structure\musicapplicationbyqt\musicapplicationbyqt\x64\debug\musicapp.b12702ad.tlog\link.11364.delete.1.tlog
d:\user\desktop\work\data structure\musicapplicationbyqt\musicapplicationbyqt\x64\debug\musicapp.b12702ad.tlog\link.12400.delete.1.tlog
d:\user\desktop\work\data structure\musicapplicationbyqt\musicapplicationbyqt\x64\debug\musicapp.b12702ad.tlog\link.12560.delete.1.tlog
d:\user\desktop\work\data structure\musicapplicationbyqt\musicapplicationbyqt\x64\debug\musicapp.b12702ad.tlog\link.1276.delete.1.tlog
d:\user\desktop\work\data structure\musicapplicationbyqt\musicapplicationbyqt\x64\debug\musicapp.b12702ad.tlog\link.12840.delete.1.tlog
d:\user\desktop\work\data structure\musicapplicationbyqt\musicapplicationbyqt\x64\debug\musicapp.b12702ad.tlog\link.12916.delete.1.tlog
d:\user\desktop\work\data structure\musicapplicationbyqt\musicapplicationbyqt\x64\debug\musicapp.b12702ad.tlog\link.13368.delete.1.tlog
d:\user\desktop\work\data structure\musicapplicationbyqt\musicapplicationbyqt\x64\debug\musicapp.b12702ad.tlog\link.1352.delete.1.tlog
d:\user\desktop\work\data structure\musicapplicationbyqt\musicapplicationbyqt\x64\debug\musicapp.b12702ad.tlog\link.13680.delete.1.tlog
d:\user\desktop\work\data structure\musicapplicationbyqt\musicapplicationbyqt\x64\debug\musicapp.b12702ad.tlog\link.14488.delete.1.tlog
d:\user\desktop\work\data structure\musicapplicationbyqt\musicapplicationbyqt\x64\debug\musicapp.b12702ad.tlog\link.1452.delete.1.tlog
d:\user\desktop\work\data structure\musicapplicationbyqt\musicapplicationbyqt\x64\debug\musicapp.b12702ad.tlog\link.14572.delete.1.tlog
d:\user\desktop\work\data structure\musicapplicationbyqt\musicapplicationbyqt\x64\debug\musicapp.b12702ad.tlog\link.14948.delete.1.tlog
d:\user\desktop\work\data structure\musicapplicationbyqt\musicapplicationbyqt\x64\debug\musicapp.b12702ad.tlog\link.15204.delete.1.tlog
d:\user\desktop\work\data structure\musicapplicationbyqt\musicapplicationbyqt\x64\debug\musicapp.b12702ad.tlog\link.15244.delete.1.tlog
d:\user\desktop\work\data structure\musicapplicationbyqt\musicapplicationbyqt\x64\debug\musicapp.b12702ad.tlog\link.15656.delete.1.tlog
d:\user\desktop\work\data structure\musicapplicationbyqt\musicapplicationbyqt\x64\debug\musicapp.b12702ad.tlog\link.16104.delete.1.tlog
d:\user\desktop\work\data structure\musicapplicationbyqt\musicapplicationbyqt\x64\debug\musicapp.b12702ad.tlog\link.16356.delete.1.tlog
d:\user\desktop\work\data structure\musicapplicationbyqt\musicapplicationbyqt\x64\debug\musicapp.b12702ad.tlog\link.16484.delete.1.tlog
d:\user\desktop\work\data structure\musicapplicationbyqt\musicapplicationbyqt\x64\debug\musicapp.b12702ad.tlog\link.16808.delete.1.tlog
d:\user\desktop\work\data structure\musicapplicationbyqt\musicapplicationbyqt\x64\debug\musicapp.b12702ad.tlog\link.17588.delete.1.tlog
d:\user\desktop\work\data structure\musicapplicationbyqt\musicapplicationbyqt\x64\debug\musicapp.b12702ad.tlog\link.17788.delete.1.tlog
d:\user\desktop\work\data structure\musicapplicationbyqt\musicapplicationbyqt\x64\debug\musicapp.b12702ad.tlog\link.17828.delete.1.tlog
d:\user\desktop\work\data structure\musicapplicationbyqt\musicapplicationbyqt\x64\debug\musicapp.b12702ad.tlog\link.17948.delete.1.tlog
d:\user\desktop\work\data structure\musicapplicationbyqt\musicapplicationbyqt\x64\debug\musicapp.b12702ad.tlog\link.19052.delete.1.tlog
d:\user\desktop\work\data structure\musicapplicationbyqt\musicapplicationbyqt\x64\debug\musicapp.b12702ad.tlog\link.19176.delete.1.tlog
d:\user\desktop\work\data structure\musicapplicationbyqt\musicapplicationbyqt\x64\debug\musicapp.b12702ad.tlog\link.19420.delete.1.tlog
d:\user\desktop\work\data structure\musicapplicationbyqt\musicapplicationbyqt\x64\debug\musicapp.b12702ad.tlog\link.19500.delete.1.tlog
d:\user\desktop\work\data structure\musicapplicationbyqt\musicapplicationbyqt\x64\debug\musicapp.b12702ad.tlog\link.20104.delete.1.tlog
d:\user\desktop\work\data structure\musicapplicationbyqt\musicapplicationbyqt\x64\debug\musicapp.b12702ad.tlog\link.21204.delete.1.tlog
d:\user\desktop\work\data structure\musicapplicationbyqt\musicapplicationbyqt\x64\debug\musicapp.b12702ad.tlog\link.21244.delete.1.tlog
d:\user\desktop\work\data structure\musicapplicationbyqt\musicapplicationbyqt\x64\debug\musicapp.b12702ad.tlog\link.21660.delete.1.tlog
d:\user\desktop\work\data structure\musicapplicationbyqt\musicapplicationbyqt\x64\debug\musicapp.b12702ad.tlog\link.21716.delete.1.tlog
d:\user\desktop\work\data structure\musicapplicationbyqt\musicapplicationbyqt\x64\debug\musicapp.b12702ad.tlog\link.21736.delete.1.tlog
d:\user\desktop\work\data structure\musicapplicationbyqt\musicapplicationbyqt\x64\debug\musicapp.b12702ad.tlog\link.22468.delete.1.tlog
d:\user\desktop\work\data structure\musicapplicationbyqt\musicapplicationbyqt\x64\debug\musicapp.b12702ad.tlog\link.2692.delete.1.tlog
d:\user\desktop\work\data structure\musicapplicationbyqt\musicapplicationbyqt\x64\debug\musicapp.b12702ad.tlog\link.3088.delete.1.tlog
d:\user\desktop\work\data structure\musicapplicationbyqt\musicapplicationbyqt\x64\debug\musicapp.b12702ad.tlog\link.3120.delete.1.tlog
d:\user\desktop\work\data structure\musicapplicationbyqt\musicapplicationbyqt\x64\debug\musicapp.b12702ad.tlog\link.3840.delete.1.tlog
d:\user\desktop\work\data structure\musicapplicationbyqt\musicapplicationbyqt\x64\debug\musicapp.b12702ad.tlog\link.412.delete.1.tlog
d:\user\desktop\work\data structure\musicapplicationbyqt\musicapplicationbyqt\x64\debug\musicapp.b12702ad.tlog\link.4228.delete.1.tlog
d:\user\desktop\work\data structure\musicapplicationbyqt\musicapplicationbyqt\x64\debug\musicapp.b12702ad.tlog\link.4980.delete.1.tlog
d:\user\desktop\work\data structure\musicapplicationbyqt\musicapplicationbyqt\x64\debug\musicapp.b12702ad.tlog\link.5092.delete.1.tlog
d:\user\desktop\work\data structure\musicapplicationbyqt\musicapplicationbyqt\x64\debug\musicapp.b12702ad.tlog\link.6824.delete.1.tlog
d:\user\desktop\work\data structure\musicapplicationbyqt\musicapplicationbyqt\x64\debug\musicapp.b12702ad.tlog\link.6852.delete.1.tlog
d:\user\desktop\work\data structure\musicapplicationbyqt\musicapplicationbyqt\x64\debug\musicapp.b12702ad.tlog\link.6900.delete.1.tlog
d:\user\desktop\work\data structure\musicapplicationbyqt\musicapplicationbyqt\x64\debug\musicapp.b12702ad.tlog\link.7044.delete.1.tlog
d:\user\desktop\work\data structure\musicapplicationbyqt\musicapplicationbyqt\x64\debug\musicapp.b12702ad.tlog\link.7848.delete.1.tlog
d:\user\desktop\work\data structure\musicapplicationbyqt\musicapplicationbyqt\x64\debug\musicapp.b12702ad.tlog\link.8216.delete.1.tlog
d:\user\desktop\work\data structure\musicapplicationbyqt\musicapplicationbyqt\x64\debug\musicapp.b12702ad.tlog\link.9184.delete.1.tlog
d:\user\desktop\work\data structure\musicapplicationbyqt\musicapplicationbyqt\x64\debug\musicapp.b12702ad.tlog\link.9308.delete.1.tlog
d:\user\desktop\work\data structure\musicapplicationbyqt\musicapplicationbyqt\x64\debug\musicapp.b12702ad.tlog\link.9324.delete.1.tlog
d:\user\desktop\work\data structure\musicapplicationbyqt\musicapplicationbyqt\x64\debug\musicapp.b12702ad.tlog\link.9588.delete.1.tlog
d:\user\desktop\work\data structure\musicapplicationbyqt\musicapplicationbyqt\x64\debug\musicapp.b12702ad.tlog\link.960.delete.1.tlog
d:\user\desktop\work\data structure\musicapplicationbyqt\musicapplicationbyqt\x64\debug\musicapp.b12702ad.tlog\link.command.1.tlog
d:\user\desktop\work\data structure\musicapplicationbyqt\musicapplicationbyqt\x64\debug\musicapp.b12702ad.tlog\link.delete.1.tlog
d:\user\desktop\work\data structure\musicapplicationbyqt\musicapplicationbyqt\x64\debug\musicapp.b12702ad.tlog\link.read.1.tlog
d:\user\desktop\work\data structure\musicapplicationbyqt\musicapplicationbyqt\x64\debug\musicapp.b12702ad.tlog\link.write.1.tlog
d:\user\desktop\work\data structure\musicapplicationbyqt\musicapplicationbyqt\x64\debug\musicapp.b12702ad.tlog\moc.read.1u.tlog
d:\user\desktop\work\data structure\musicapplicationbyqt\musicapplicationbyqt\x64\debug\musicapp.b12702ad.tlog\moc.write.1u.tlog
d:\user\desktop\work\data structure\musicapplicationbyqt\musicapplicationbyqt\x64\debug\musicapp.b12702ad.tlog\musicapplicationbyqt.write.1u.tlog
d:\user\desktop\work\data structure\musicapplicationbyqt\musicapplicationbyqt\x64\debug\musicapp.b12702ad.tlog\rcc.read.1u.tlog
d:\user\desktop\work\data structure\musicapplicationbyqt\musicapplicationbyqt\x64\debug\musicapp.b12702ad.tlog\rcc.write.1u.tlog
d:\user\desktop\work\data structure\musicapplicationbyqt\musicapplicationbyqt\x64\debug\musicapp.b12702ad.tlog\uic.read.1u.tlog
d:\user\desktop\work\data structure\musicapplicationbyqt\musicapplicationbyqt\x64\debug\musicapp.b12702ad.tlog\uic.write.1u.tlog
